---------------------------------------------------------------
[ 2017-06-28T16:13:46+08:00 ] ::1 ::1 GET /thinkphp/public/
[ info ] localhost/thinkphp/public/ [运行时间：1.318076s][吞吐率：0.76req/s] [内存消耗：254.50kb] [文件加载：38]
[ info ] [ LANG ] D:\phpStudy\WWW\thinkphp\thinkphp\lang\zh-cn.php
[ info ] [ ROUTE ] array (
  'type' => 'module',
  'module' => 
  array (
    0 => '',
    1 => NULL,
    2 => NULL,
  ),
)
[ info ] [ HEADER ] array (
  'cookie' => '__distillery=2544095_16f583ff-a749-48b9-bfee-dd26248605c1-c2ad9f5bc-53d18ef8b00c-2f35; device_id=108295602560494634; PHPSESSID=erlgt5er1ushs29tfocsocn4r2; bp-activity-oldestpage=1',
  'accept-language' => 'zh-CN,zh;q=0.8,en;q=0.6,zh-TW;q=0.4',
  'accept-encoding' => 'gzip, deflate, sdch',
  'referer' => 'http://localhost/thinkphp/',
  'user-agent' => 'Mozilla/5.0 (Windows NT 6.1) AppleWebKit/537.36 (KHTML, like Gecko) Chrome/50.0.2661.102 Safari/537.36',
  'upgrade-insecure-requests' => '1',
  'accept' => 'text/html,application/xhtml+xml,application/xml;q=0.9,image/webp,*/*;q=0.8',
  'connection' => 'close',
  'host' => 'localhost',
)
[ info ] [ PARAM ] array (
)
[ info ] [ RUN ] app\index\controller\Index->index[ D:\phpStudy\WWW\thinkphp\application\index\controller\Index.php ]
[ info ] [ LOG ] INIT File
